<?xml version="1.0" encoding="UTF-8"?>
<!-- Generated by org.testng.reporters.JUnitReportReporter -->
<testsuite hostname="PersonalVK-pc" name="testCases.TC003_CreateLead" tests="2" failures="0" timestamp="14 Jun 2017 17:14:09 GMT" time="76.149" errors="0">
  <testcase name="createLead" time="54.563" classname="testCases.TC003_CreateLead"/>
  <testcase name="createLead" time="21.586" classname="testCases.TC003_CreateLead"/>
</testsuite> <!-- testCases.TC003_CreateLead -->
