<?xml version="1.0" encoding="UTF-8"?>
<!-- Generated by org.testng.reporters.JUnitReportReporter -->
<testsuite hostname="PersonalVK-pc" name="testCases.TC004_EditLead" tests="2" failures="0" timestamp="29 May 2017 17:56:42 GMT" time="77.019" errors="0">
  <testcase name="editLead" time="34.274" classname="testCases.TC004_EditLead"/>
  <testcase name="editLead" time="42.745" classname="testCases.TC004_EditLead"/>
</testsuite> <!-- testCases.TC004_EditLead -->
