<?xml version="1.0" encoding="UTF-8"?>
<!-- Generated by org.testng.reporters.JUnitReportReporter -->
<testsuite hostname="PersonalVK-pc" name="testCases.TC004_DeleteLead" tests="2" failures="0" timestamp="14 Jun 2017 17:14:09 GMT" time="106.597" errors="0">
  <testcase name="DeleteLead" time="42.767" classname="testCases.TC004_DeleteLead"/>
  <testcase name="DeleteLead" time="63.830" classname="testCases.TC004_DeleteLead"/>
</testsuite> <!-- testCases.TC004_DeleteLead -->
