<?xml version="1.0" encoding="UTF-8"?>
<!-- Generated by org.testng.reporters.JUnitReportReporter -->
<testsuite hostname="PersonalVK-pc" name="testCases.TC006_EditLead" tests="2" failures="0" timestamp="14 Jun 2017 17:14:09 GMT" time="67.316" errors="0">
  <testcase name="editLead" time="40.110" classname="testCases.TC006_EditLead"/>
  <testcase name="editLead" time="27.206" classname="testCases.TC006_EditLead"/>
</testsuite> <!-- testCases.TC006_EditLead -->
