<?xml version="1.0" encoding="UTF-8"?>
<!-- Generated by org.testng.reporters.JUnitReportReporter -->
<testsuite hostname="PersonalVK-pc" name="testCases.TC001_Login" tests="2" failures="0" timestamp="28 May 2017 07:10:45 GMT" time="29.956" errors="0">
  <testcase name="loginLogOut" time="17.034" classname="testCases.TC001_Login"/>
  <testcase name="loginLogOut" time="12.922" classname="testCases.TC001_Login"/>
</testsuite> <!-- testCases.TC001_Login -->
